<?xml version="1.0" encoding="UTF-8"?>
<testsuite hostname="PF001TBG-THINK" name="multibrowser.MultiBrowserTest" tests="1" failures="0" timestamp="6 Aug 2014 18:20:28 GMT" time="0.094" errors="0">
  <testcase name="@BeforeMethod beforeTest" time="0.0" classname="multibrowser.MultiBrowserTest">
    <failure type="org.testng.TestNGException" message="
Parameter &amp;apos;browser&amp;apos; is required by @Configuration on method beforeTest
but has not been marked @Optional or defined ">
      <![CDATA[org.testng.TestNGException: 
Parameter 'browser' is required by @Configuration on method beforeTest
but has not been marked @Optional or defined 
	at org.apache.maven.surefire.testng.TestNGExecutor.run(TestNGExecutor.java:70)
	at org.apache.maven.surefire.testng.TestNGDirectoryTestSuite.execute(TestNGDirectoryTestSuite.java:109)
	at org.apache.maven.surefire.testng.TestNGProvider.invoke(TestNGProvider.java:111)
	at org.apache.maven.surefire.util.ReflectionUtils.invokeMethodWithArray(ReflectionUtils.java:164)
	at org.apache.maven.surefire.booter.ProviderFactory$ProviderProxy.invoke(ProviderFactory.java:110)
	at org.apache.maven.surefire.booter.SurefireStarter.invokeProvider(SurefireStarter.java:175)
	at org.apache.maven.surefire.booter.SurefireStarter.runSuitesInProcessWhenForked(SurefireStarter.java:107)
	at org.apache.maven.surefire.booter.ForkedBooter.main(ForkedBooter.java:68)
... Removed 25 stack frames]]>
    </failure>
  </testcase>
  <testcase name="@AfterMethod afterTest" time="0.0" classname="multibrowser.MultiBrowserTest">
    <skipped/>
  </testcase>
  <testcase name="googleLaunch" time="0.038" classname="multibrowser.MultiBrowserTest">
    <skipped/>
  </testcase>
</testsuite>
